2023-02-24 23:14:44,495 - root - INFO - Bot iniciado,
2023-02-24 23:14:45,184 - pyrogram.connection.connection - INFO - Connecting...,
2023-02-24 23:14:45,412 - pyrogram.connection.connection - INFO - Connected! Production DC1 - IPv4,
2023-02-24 23:14:45,417 - pyrogram.session.session - INFO - NetworkTask started,
2023-02-24 23:14:47,062 - pyrogram.session.session - INFO - Session initialized: Layer 152,
2023-02-24 23:14:47,062 - pyrogram.session.session - INFO - Device: CPython 3.10.7 - Pyrogram 2.0.99,
2023-02-24 23:14:47,062 - pyrogram.session.session - INFO - System: Windows 10 (en),
2023-02-24 23:14:47,062 - pyrogram.session.session - INFO - Session started,
2023-02-24 23:14:47,065 - pyrogram.session.session - INFO - PingTask started,
2023-02-24 23:14:48,230 - pyrogram.dispatcher - INFO - Started 12 HandlerTasks,
2023-02-24 23:15:04,355 - root - INFO - Stop signal received (SIGINT). Exiting...,
2023-02-24 23:15:04,437 - pyrogram.dispatcher - INFO - Stopped 12 HandlerTasks,
2023-02-24 23:15:04,438 - pyrogram.session.session - INFO - PingTask stopped,
2023-02-24 23:15:04,439 - pyrogram.connection.connection - INFO - Disconnected,
2023-02-24 23:15:04,439 - pyrogram.session.session - INFO - NetworkTask stopped,
2023-02-24 23:15:04,439 - pyrogram.session.session - INFO - Session stopped,
2023-02-24 23:33:18,387 - pyrogram.connection.connection - INFO - Connecting...,
2023-02-24 23:33:18,553 - pyrogram.connection.connection - INFO - Connected! Production DC1 - IPv4,
2023-02-24 23:33:18,557 - pyrogram.session.session - INFO - NetworkTask started,
2023-02-24 23:33:19,335 - pyrogram.session.session - INFO - Session initialized: Layer 152,
2023-02-24 23:33:19,336 - pyrogram.session.session - INFO - Device: CPython 3.10.7 - Pyrogram 2.0.99,
2023-02-24 23:33:19,337 - pyrogram.session.session - INFO - System: Windows 10 (en),
2023-02-24 23:33:19,337 - pyrogram.session.session - INFO - Session started,
2023-02-24 23:33:19,353 - pyrogram.session.session - INFO - PingTask started,
2023-02-24 23:33:20,180 - pyrogram.dispatcher - INFO - Started 12 HandlerTasks,
2023-02-24 23:36:28,414 - root - INFO - Stop signal received (SIGINT). Exiting...,
2023-02-24 23:36:28,487 - pyrogram.dispatcher - INFO - Stopped 12 HandlerTasks,
2023-02-24 23:36:28,487 - pyrogram.session.session - INFO - PingTask stopped,
2023-02-24 23:36:28,489 - pyrogram.connection.connection - INFO - Disconnected,
2023-02-24 23:36:28,489 - pyrogram.session.session - INFO - NetworkTask stopped,
2023-02-24 23:36:28,489 - pyrogram.session.session - INFO - Session stopped,
